2017-09-01 08:23:09,907 INFO o.a.j.u.JMeterUtils: Setting Locale to en_US
2017-09-01 08:23:09,929 INFO o.a.j.JMeter: Loading user properties from: user.properties
2017-09-01 08:23:09,929 INFO o.a.j.JMeter: Loading system properties from: system.properties
2017-09-01 08:23:09,939 INFO o.a.j.JMeter: Copyright (c) 1998-2017 The Apache Software Foundation
2017-09-01 08:23:09,939 INFO o.a.j.JMeter: Version 3.2 r1790748
2017-09-01 08:23:09,939 INFO o.a.j.JMeter: java.version=1.8.0_144
2017-09-01 08:23:09,939 INFO o.a.j.JMeter: java.vm.name=Java HotSpot(TM) 64-Bit Server VM
2017-09-01 08:23:09,940 INFO o.a.j.JMeter: os.name=Mac OS X
2017-09-01 08:23:09,940 INFO o.a.j.JMeter: os.arch=x86_64
2017-09-01 08:23:09,940 INFO o.a.j.JMeter: os.version=10.12.6
2017-09-01 08:23:09,940 INFO o.a.j.JMeter: file.encoding=UTF-8
2017-09-01 08:23:09,940 INFO o.a.j.JMeter: Max memory     =536870912
2017-09-01 08:23:09,940 INFO o.a.j.JMeter: Available Processors =8
2017-09-01 08:23:09,949 INFO o.a.j.JMeter: Default Locale=English (United States)
2017-09-01 08:23:09,949 INFO o.a.j.JMeter: JMeter  Locale=English (United States)
2017-09-01 08:23:09,949 INFO o.a.j.JMeter: JMeterHome=/Users/javiercuriel/Documents/Universidad/Calidad y pruebas de Software/jmeter/apache-jmeter-3.2
2017-09-01 08:23:09,949 INFO o.a.j.JMeter: user.dir  =/Users/javiercuriel/Documents/Universidad/Calidad y pruebas de Software/jmeter/apache-jmeter-3.2/bin
2017-09-01 08:23:09,950 INFO o.a.j.JMeter: PWD       =/Users/javiercuriel/Documents/Universidad/Calidad y pruebas de Software/jmeter/apache-jmeter-3.2/bin
2017-09-01 08:23:14,953 INFO o.a.j.JMeter: IP: 127.0.0.1 Name: Javiers-MacBook-Pro.local FullName: localhost
2017-09-01 08:23:16,729 INFO o.a.j.g.a.LookAndFeelCommand: Using look and feel: com.apple.laf.AquaLookAndFeel [Mac OS X, System]
2017-09-01 08:23:16,732 INFO o.a.j.JMeter: Loaded icon properties from org/apache/jmeter/images/icon.properties
2017-09-01 08:23:17,153 INFO o.a.j.e.u.CompoundVariable: Note: Function class names must contain the string: '.functions.'
2017-09-01 08:23:17,154 INFO o.a.j.e.u.CompoundVariable: Note: Function class names must not contain the string: '.gui.'
2017-09-01 08:23:17,763 INFO o.a.j.g.u.MenuFactory: Skipping org.apache.jmeter.assertions.BSFAssertion
2017-09-01 08:23:18,285 INFO o.a.j.g.u.MenuFactory: Skipping org.apache.jmeter.extractor.BSFPostProcessor
2017-09-01 08:23:18,308 INFO o.a.j.g.u.MenuFactory: Skipping org.apache.jmeter.modifiers.BSFPreProcessor
2017-09-01 08:23:18,329 INFO o.a.j.p.h.s.HTTPSamplerBase: Parser for text/html is org.apache.jmeter.protocol.http.parser.LagartoBasedHtmlParser
2017-09-01 08:23:18,330 INFO o.a.j.p.h.s.HTTPSamplerBase: Parser for application/xhtml+xml is org.apache.jmeter.protocol.http.parser.LagartoBasedHtmlParser
2017-09-01 08:23:18,330 INFO o.a.j.p.h.s.HTTPSamplerBase: Parser for application/xml is org.apache.jmeter.protocol.http.parser.LagartoBasedHtmlParser
2017-09-01 08:23:18,330 INFO o.a.j.p.h.s.HTTPSamplerBase: Parser for text/xml is org.apache.jmeter.protocol.http.parser.LagartoBasedHtmlParser
2017-09-01 08:23:18,330 INFO o.a.j.p.h.s.HTTPSamplerBase: Parser for text/vnd.wap.wml is org.apache.jmeter.protocol.http.parser.RegexpHTMLParser
2017-09-01 08:23:18,330 INFO o.a.j.p.h.s.HTTPSamplerBase: Parser for text/css is org.apache.jmeter.protocol.http.parser.CssParser
2017-09-01 08:23:18,612 INFO o.a.j.e.KeyToolUtils: keytool found at 'keytool'
2017-09-01 08:23:18,612 INFO o.a.j.p.h.p.ProxyControl: HTTP(S) Test Script Recorder SSL Proxy will use keys that support embedded 3rd party resources in file /Users/javiercuriel/Documents/Universidad/Calidad y pruebas de Software/jmeter/apache-jmeter-3.2/bin/proxyserver.jks
2017-09-01 08:23:18,719 INFO o.a.j.g.u.MenuFactory: Skipping org.apache.jmeter.protocol.java.sampler.BSFSampler
2017-09-01 08:23:18,746 INFO o.a.j.s.FileServer: Default base='/Users/javiercuriel/Documents/Universidad/Calidad y pruebas de Software/jmeter/apache-jmeter-3.2/bin'
2017-09-01 08:23:18,812 INFO o.a.j.g.u.MenuFactory: Skipping org.apache.jmeter.protocol.mongodb.config.MongoSourceElement
2017-09-01 08:23:18,812 INFO o.a.j.g.u.MenuFactory: Skipping org.apache.jmeter.protocol.mongodb.sampler.MongoScriptSampler
2017-09-01 08:23:18,918 INFO o.a.j.g.u.MenuFactory: Skipping org.apache.jmeter.timers.BSFTimer
2017-09-01 08:23:18,939 INFO o.a.j.g.u.MenuFactory: Skipping org.apache.jmeter.visualizers.BSFListener
2017-09-01 08:23:19,033 INFO o.a.j.s.SampleResult: Note: Sample TimeStamps are START times
2017-09-01 08:23:19,034 INFO o.a.j.s.SampleResult: sampleresult.default.encoding is set to ISO-8859-1
2017-09-01 08:23:19,034 INFO o.a.j.s.SampleResult: sampleresult.useNanoTime=true
2017-09-01 08:23:19,034 INFO o.a.j.s.SampleResult: sampleresult.nanoThreadSleep=5000
2017-09-01 09:06:23,945 INFO o.a.j.s.FileServer: Set new base='/Users/javiercuriel/Documents/Universidad/Calidad y pruebas de Software/jmeter/apache-jmeter-3.2/bin'
2017-09-01 09:06:24,041 INFO o.a.j.s.SaveService: Testplan (JMX) version: 2.2. Testlog (JTL) version: 2.2
2017-09-01 09:06:24,057 INFO o.a.j.s.SaveService: Using SaveService properties file encoding UTF-8
2017-09-01 09:06:24,058 INFO o.a.j.s.SaveService: Using SaveService properties version 3.2
2017-09-01 09:06:24,087 INFO o.a.j.g.a.Load: Loading file: /Users/javiercuriel/Documents/Universidad/Calidad y pruebas de Software/jmeter/JDBC_1.jmx
2017-09-01 09:06:24,087 INFO o.a.j.s.FileServer: Set new base='/Users/javiercuriel/Documents/Universidad/Calidad y pruebas de Software/jmeter'
2017-09-01 09:06:24,087 INFO o.a.j.s.SaveService: Loading file: /Users/javiercuriel/Documents/Universidad/Calidad y pruebas de Software/jmeter/JDBC_1.jmx
2017-09-01 09:06:24,166 INFO o.a.j.s.FileServer: Set new base='/Users/javiercuriel/Documents/Universidad/Calidad y pruebas de Software/jmeter'
2017-09-01 09:06:31,710 INFO o.a.j.g.a.Load: Loading file: /Users/javiercuriel/Documents/Universidad/Calidad y pruebas de Software/jmeter/database.jmx
2017-09-01 09:06:31,711 INFO o.a.j.s.FileServer: Set new base='/Users/javiercuriel/Documents/Universidad/Calidad y pruebas de Software/jmeter'
2017-09-01 09:06:31,711 INFO o.a.j.s.SaveService: Loading file: /Users/javiercuriel/Documents/Universidad/Calidad y pruebas de Software/jmeter/database.jmx
2017-09-01 09:06:31,751 INFO o.a.j.s.FileServer: Set new base='/Users/javiercuriel/Documents/Universidad/Calidad y pruebas de Software/jmeter'
2017-09-01 09:06:47,088 INFO o.a.j.g.a.Load: Loading file: /Users/javiercuriel/Documents/Universidad/Calidad y pruebas de Software/jmeter/JDBC_1.jmx
2017-09-01 09:06:47,088 INFO o.a.j.s.FileServer: Set new base='/Users/javiercuriel/Documents/Universidad/Calidad y pruebas de Software/jmeter'
2017-09-01 09:06:47,088 INFO o.a.j.s.SaveService: Loading file: /Users/javiercuriel/Documents/Universidad/Calidad y pruebas de Software/jmeter/JDBC_1.jmx
2017-09-01 09:06:47,123 INFO o.a.j.s.FileServer: Set new base='/Users/javiercuriel/Documents/Universidad/Calidad y pruebas de Software/jmeter'
2017-09-01 09:31:56,475 INFO o.a.j.e.StandardJMeterEngine: Running the test!
2017-09-01 09:31:56,476 INFO o.a.j.s.SampleEvent: List of sample_variables: []
2017-09-01 09:31:56,476 INFO o.a.j.s.SampleEvent: List of sample_variables: []
2017-09-01 09:31:56,510 INFO o.a.j.g.u.JMeterMenuBar: setRunning(true, *local*)
2017-09-01 09:31:56,614 INFO o.a.j.e.StandardJMeterEngine: Starting ThreadGroup: 1 : Thread Group
2017-09-01 09:31:56,614 INFO o.a.j.e.StandardJMeterEngine: Starting 5 threads for group Thread Group.
2017-09-01 09:31:56,614 INFO o.a.j.e.StandardJMeterEngine: Thread will continue on error
2017-09-01 09:31:56,614 INFO o.a.j.t.ThreadGroup: Starting thread group... number=1 threads=5 ramp-up=1 perThread=200.0 delayedStart=false
2017-09-01 09:31:56,617 INFO o.a.j.t.JMeterThread: Thread started: Thread Group 1-1
2017-09-01 09:31:56,618 INFO o.a.j.t.ThreadGroup: Started thread group number 1
2017-09-01 09:31:56,618 INFO o.a.j.e.StandardJMeterEngine: All thread groups have been started
2017-09-01 09:31:56,822 INFO o.a.j.t.JMeterThread: Thread started: Thread Group 1-2
2017-09-01 09:31:56,943 INFO o.a.j.t.JMeterThread: Thread is done: Thread Group 1-1
2017-09-01 09:31:56,943 INFO o.a.j.t.JMeterThread: Thread is done: Thread Group 1-2
2017-09-01 09:31:56,944 INFO o.a.j.t.JMeterThread: Thread finished: Thread Group 1-2
2017-09-01 09:31:56,944 INFO o.a.j.t.JMeterThread: Thread finished: Thread Group 1-1
2017-09-01 09:31:57,018 INFO o.a.j.t.JMeterThread: Thread started: Thread Group 1-3
2017-09-01 09:31:57,026 INFO o.a.j.t.JMeterThread: Thread is done: Thread Group 1-3
2017-09-01 09:31:57,026 INFO o.a.j.t.JMeterThread: Thread finished: Thread Group 1-3
2017-09-01 09:31:57,223 INFO o.a.j.t.JMeterThread: Thread started: Thread Group 1-4
2017-09-01 09:31:57,228 INFO o.a.j.t.JMeterThread: Thread is done: Thread Group 1-4
2017-09-01 09:31:57,228 INFO o.a.j.t.JMeterThread: Thread finished: Thread Group 1-4
2017-09-01 09:31:57,425 INFO o.a.j.t.JMeterThread: Thread started: Thread Group 1-5
2017-09-01 09:31:57,430 INFO o.a.j.t.JMeterThread: Thread is done: Thread Group 1-5
2017-09-01 09:31:57,431 INFO o.a.j.t.JMeterThread: Thread finished: Thread Group 1-5
2017-09-01 09:31:57,431 INFO o.a.j.e.StandardJMeterEngine: Notifying test listeners of end of test
2017-09-01 09:31:57,434 INFO o.a.j.g.u.JMeterMenuBar: setRunning(false, *local*)
2017-09-01 09:32:54,984 INFO o.a.j.e.StandardJMeterEngine: Running the test!
2017-09-01 09:32:54,985 INFO o.a.j.s.SampleEvent: List of sample_variables: []
2017-09-01 09:32:54,987 INFO o.a.j.g.u.JMeterMenuBar: setRunning(true, *local*)
2017-09-01 09:32:55,101 INFO o.a.j.e.StandardJMeterEngine: Starting ThreadGroup: 1 : Thread Group
2017-09-01 09:32:55,101 INFO o.a.j.e.StandardJMeterEngine: Starting 5 threads for group Thread Group.
2017-09-01 09:32:55,101 INFO o.a.j.e.StandardJMeterEngine: Thread will continue on error
2017-09-01 09:32:55,101 INFO o.a.j.t.ThreadGroup: Starting thread group... number=1 threads=5 ramp-up=1 perThread=200.0 delayedStart=false
2017-09-01 09:32:55,103 INFO o.a.j.t.JMeterThread: Thread started: Thread Group 1-1
2017-09-01 09:32:55,104 INFO o.a.j.t.ThreadGroup: Started thread group number 1
2017-09-01 09:32:55,104 INFO o.a.j.e.StandardJMeterEngine: All thread groups have been started
2017-09-01 09:32:55,136 INFO o.a.j.t.JMeterThread: Thread is done: Thread Group 1-1
2017-09-01 09:32:55,136 INFO o.a.j.t.JMeterThread: Thread finished: Thread Group 1-1
2017-09-01 09:32:55,309 INFO o.a.j.t.JMeterThread: Thread started: Thread Group 1-2
2017-09-01 09:32:55,316 INFO o.a.j.t.JMeterThread: Thread is done: Thread Group 1-2
2017-09-01 09:32:55,316 INFO o.a.j.t.JMeterThread: Thread finished: Thread Group 1-2
2017-09-01 09:32:55,506 INFO o.a.j.t.JMeterThread: Thread started: Thread Group 1-3
2017-09-01 09:32:55,512 INFO o.a.j.t.JMeterThread: Thread is done: Thread Group 1-3
2017-09-01 09:32:55,512 INFO o.a.j.t.JMeterThread: Thread finished: Thread Group 1-3
2017-09-01 09:32:55,705 INFO o.a.j.t.JMeterThread: Thread started: Thread Group 1-4
2017-09-01 09:32:55,711 INFO o.a.j.t.JMeterThread: Thread is done: Thread Group 1-4
2017-09-01 09:32:55,711 INFO o.a.j.t.JMeterThread: Thread finished: Thread Group 1-4
2017-09-01 09:32:55,908 INFO o.a.j.t.JMeterThread: Thread started: Thread Group 1-5
2017-09-01 09:32:55,913 INFO o.a.j.t.JMeterThread: Thread is done: Thread Group 1-5
2017-09-01 09:32:55,913 INFO o.a.j.t.JMeterThread: Thread finished: Thread Group 1-5
2017-09-01 09:32:55,913 INFO o.a.j.e.StandardJMeterEngine: Notifying test listeners of end of test
2017-09-01 09:32:55,916 INFO o.a.j.g.u.JMeterMenuBar: setRunning(false, *local*)
2017-09-01 09:33:13,394 INFO o.a.j.e.StandardJMeterEngine: Running the test!
2017-09-01 09:33:13,395 INFO o.a.j.s.SampleEvent: List of sample_variables: []
2017-09-01 09:33:13,397 INFO o.a.j.g.u.JMeterMenuBar: setRunning(true, *local*)
2017-09-01 09:33:13,497 INFO o.a.j.e.StandardJMeterEngine: Starting ThreadGroup: 1 : Thread Group
2017-09-01 09:33:13,497 INFO o.a.j.e.StandardJMeterEngine: Starting 5 threads for group Thread Group.
2017-09-01 09:33:13,497 INFO o.a.j.e.StandardJMeterEngine: Thread will continue on error
2017-09-01 09:33:13,497 INFO o.a.j.t.ThreadGroup: Starting thread group... number=1 threads=5 ramp-up=1 perThread=200.0 delayedStart=false
2017-09-01 09:33:13,498 INFO o.a.j.t.JMeterThread: Thread started: Thread Group 1-1
2017-09-01 09:33:13,500 INFO o.a.j.t.ThreadGroup: Started thread group number 1
2017-09-01 09:33:13,500 INFO o.a.j.e.StandardJMeterEngine: All thread groups have been started
2017-09-01 09:33:13,524 INFO o.a.j.t.JMeterThread: Thread is done: Thread Group 1-1
2017-09-01 09:33:13,524 INFO o.a.j.t.JMeterThread: Thread finished: Thread Group 1-1
2017-09-01 09:33:13,701 INFO o.a.j.t.JMeterThread: Thread started: Thread Group 1-2
2017-09-01 09:33:13,706 INFO o.a.j.t.JMeterThread: Thread is done: Thread Group 1-2
2017-09-01 09:33:13,706 INFO o.a.j.t.JMeterThread: Thread finished: Thread Group 1-2
2017-09-01 09:33:13,904 INFO o.a.j.t.JMeterThread: Thread started: Thread Group 1-3
2017-09-01 09:33:13,909 INFO o.a.j.t.JMeterThread: Thread is done: Thread Group 1-3
2017-09-01 09:33:13,909 INFO o.a.j.t.JMeterThread: Thread finished: Thread Group 1-3
2017-09-01 09:33:14,104 INFO o.a.j.t.JMeterThread: Thread started: Thread Group 1-4
2017-09-01 09:33:14,108 INFO o.a.j.t.JMeterThread: Thread is done: Thread Group 1-4
2017-09-01 09:33:14,108 INFO o.a.j.t.JMeterThread: Thread finished: Thread Group 1-4
2017-09-01 09:33:14,301 INFO o.a.j.t.JMeterThread: Thread started: Thread Group 1-5
2017-09-01 09:33:14,305 INFO o.a.j.t.JMeterThread: Thread is done: Thread Group 1-5
2017-09-01 09:33:14,305 INFO o.a.j.t.JMeterThread: Thread finished: Thread Group 1-5
2017-09-01 09:33:14,306 INFO o.a.j.e.StandardJMeterEngine: Notifying test listeners of end of test
2017-09-01 09:33:14,308 INFO o.a.j.g.u.JMeterMenuBar: setRunning(false, *local*)
2017-09-01 09:33:49,257 INFO o.a.j.e.StandardJMeterEngine: Running the test!
2017-09-01 09:33:49,257 INFO o.a.j.s.SampleEvent: List of sample_variables: []
2017-09-01 09:33:49,258 INFO o.a.j.g.u.JMeterMenuBar: setRunning(true, *local*)
2017-09-01 09:33:49,368 INFO o.a.j.e.StandardJMeterEngine: Starting ThreadGroup: 1 : Thread Group
2017-09-01 09:33:49,368 INFO o.a.j.e.StandardJMeterEngine: Starting 5 threads for group Thread Group.
2017-09-01 09:33:49,368 INFO o.a.j.e.StandardJMeterEngine: Thread will continue on error
2017-09-01 09:33:49,368 INFO o.a.j.t.ThreadGroup: Starting thread group... number=1 threads=5 ramp-up=1 perThread=200.0 delayedStart=false
2017-09-01 09:33:49,369 INFO o.a.j.t.JMeterThread: Thread started: Thread Group 1-1
2017-09-01 09:33:49,370 INFO o.a.j.t.ThreadGroup: Started thread group number 1
2017-09-01 09:33:49,370 INFO o.a.j.e.StandardJMeterEngine: All thread groups have been started
2017-09-01 09:33:49,441 INFO o.a.j.t.JMeterThread: Thread is done: Thread Group 1-1
2017-09-01 09:33:49,441 INFO o.a.j.t.JMeterThread: Thread finished: Thread Group 1-1
2017-09-01 09:33:49,572 INFO o.a.j.t.JMeterThread: Thread started: Thread Group 1-2
2017-09-01 09:33:49,625 INFO o.a.j.t.JMeterThread: Thread is done: Thread Group 1-2
2017-09-01 09:33:49,625 INFO o.a.j.t.JMeterThread: Thread finished: Thread Group 1-2
2017-09-01 09:33:49,773 INFO o.a.j.t.JMeterThread: Thread started: Thread Group 1-3
2017-09-01 09:33:49,829 INFO o.a.j.t.JMeterThread: Thread is done: Thread Group 1-3
2017-09-01 09:33:49,829 INFO o.a.j.t.JMeterThread: Thread finished: Thread Group 1-3
2017-09-01 09:33:49,972 INFO o.a.j.t.JMeterThread: Thread started: Thread Group 1-4
2017-09-01 09:33:50,030 INFO o.a.j.t.JMeterThread: Thread is done: Thread Group 1-4
2017-09-01 09:33:50,030 INFO o.a.j.t.JMeterThread: Thread finished: Thread Group 1-4
2017-09-01 09:33:50,171 INFO o.a.j.t.JMeterThread: Thread started: Thread Group 1-5
2017-09-01 09:33:50,229 INFO o.a.j.t.JMeterThread: Thread is done: Thread Group 1-5
2017-09-01 09:33:50,230 INFO o.a.j.t.JMeterThread: Thread finished: Thread Group 1-5
2017-09-01 09:33:50,230 INFO o.a.j.e.StandardJMeterEngine: Notifying test listeners of end of test
2017-09-01 09:33:50,232 INFO o.a.j.g.u.JMeterMenuBar: setRunning(false, *local*)
2017-09-01 09:34:22,733 INFO o.a.j.e.StandardJMeterEngine: Running the test!
2017-09-01 09:34:22,733 INFO o.a.j.s.SampleEvent: List of sample_variables: []
2017-09-01 09:34:22,734 INFO o.a.j.g.u.JMeterMenuBar: setRunning(true, *local*)
2017-09-01 09:34:22,835 INFO o.a.j.e.StandardJMeterEngine: Starting ThreadGroup: 1 : Thread Group
2017-09-01 09:34:22,836 INFO o.a.j.e.StandardJMeterEngine: Starting 1 threads for group Thread Group.
2017-09-01 09:34:22,836 INFO o.a.j.e.StandardJMeterEngine: Thread will continue on error
2017-09-01 09:34:22,836 INFO o.a.j.t.ThreadGroup: Starting thread group... number=1 threads=1 ramp-up=1 perThread=1000.0 delayedStart=false
2017-09-01 09:34:22,836 INFO o.a.j.t.ThreadGroup: Started thread group number 1
2017-09-01 09:34:22,836 INFO o.a.j.e.StandardJMeterEngine: All thread groups have been started
2017-09-01 09:34:22,836 INFO o.a.j.t.JMeterThread: Thread started: Thread Group 1-1
2017-09-01 09:34:22,905 INFO o.a.j.t.JMeterThread: Thread is done: Thread Group 1-1
2017-09-01 09:34:22,906 INFO o.a.j.t.JMeterThread: Thread finished: Thread Group 1-1
2017-09-01 09:34:22,906 INFO o.a.j.e.StandardJMeterEngine: Notifying test listeners of end of test
2017-09-01 09:34:22,908 INFO o.a.j.g.u.JMeterMenuBar: setRunning(false, *local*)
2017-09-01 09:35:02,723 INFO o.a.j.e.StandardJMeterEngine: Running the test!
2017-09-01 09:35:02,723 INFO o.a.j.s.SampleEvent: List of sample_variables: []
2017-09-01 09:35:02,724 INFO o.a.j.g.u.JMeterMenuBar: setRunning(true, *local*)
2017-09-01 09:35:02,823 INFO o.a.j.e.StandardJMeterEngine: Starting ThreadGroup: 1 : Thread Group
2017-09-01 09:35:02,823 INFO o.a.j.e.StandardJMeterEngine: Starting 1 threads for group Thread Group.
2017-09-01 09:35:02,824 INFO o.a.j.e.StandardJMeterEngine: Thread will continue on error
2017-09-01 09:35:02,824 INFO o.a.j.t.ThreadGroup: Starting thread group... number=1 threads=1 ramp-up=1 perThread=1000.0 delayedStart=false
2017-09-01 09:35:02,824 INFO o.a.j.t.ThreadGroup: Started thread group number 1
2017-09-01 09:35:02,824 INFO o.a.j.e.StandardJMeterEngine: All thread groups have been started
2017-09-01 09:35:02,824 INFO o.a.j.t.JMeterThread: Thread started: Thread Group 1-1
2017-09-01 09:35:02,947 INFO o.a.j.t.JMeterThread: Thread is done: Thread Group 1-1
2017-09-01 09:35:02,947 INFO o.a.j.t.JMeterThread: Thread finished: Thread Group 1-1
2017-09-01 09:35:02,947 INFO o.a.j.e.StandardJMeterEngine: Notifying test listeners of end of test
2017-09-01 09:35:02,951 INFO o.a.j.g.u.JMeterMenuBar: setRunning(false, *local*)
2017-09-01 09:59:27,542 INFO o.a.j.e.StandardJMeterEngine: Running the test!
2017-09-01 09:59:27,543 INFO o.a.j.s.SampleEvent: List of sample_variables: []
2017-09-01 09:59:27,543 INFO o.a.j.g.u.JMeterMenuBar: setRunning(true, *local*)
2017-09-01 09:59:27,678 INFO o.a.j.e.StandardJMeterEngine: Starting ThreadGroup: 1 : Thread Group
2017-09-01 09:59:27,678 INFO o.a.j.e.StandardJMeterEngine: Starting 1 threads for group Thread Group.
2017-09-01 09:59:27,678 INFO o.a.j.e.StandardJMeterEngine: Thread will continue on error
2017-09-01 09:59:27,678 INFO o.a.j.t.ThreadGroup: Starting thread group... number=1 threads=1 ramp-up=1 perThread=1000.0 delayedStart=false
2017-09-01 09:59:27,678 INFO o.a.j.t.ThreadGroup: Started thread group number 1
2017-09-01 09:59:27,678 INFO o.a.j.e.StandardJMeterEngine: All thread groups have been started
2017-09-01 09:59:27,678 INFO o.a.j.t.JMeterThread: Thread started: Thread Group 1-1
2017-09-01 09:59:27,808 INFO o.a.j.t.JMeterThread: Thread is done: Thread Group 1-1
2017-09-01 09:59:27,808 INFO o.a.j.t.JMeterThread: Thread finished: Thread Group 1-1
2017-09-01 09:59:27,809 INFO o.a.j.e.StandardJMeterEngine: Notifying test listeners of end of test
2017-09-01 09:59:27,813 INFO o.a.j.g.u.JMeterMenuBar: setRunning(false, *local*)
2017-09-01 10:00:55,794 INFO o.a.j.e.StandardJMeterEngine: Running the test!
2017-09-01 10:00:55,795 INFO o.a.j.s.SampleEvent: List of sample_variables: []
2017-09-01 10:00:55,798 INFO o.a.j.g.u.JMeterMenuBar: setRunning(true, *local*)
2017-09-01 10:00:55,914 INFO o.a.j.e.StandardJMeterEngine: Starting ThreadGroup: 1 : Thread Group
2017-09-01 10:00:55,914 INFO o.a.j.e.StandardJMeterEngine: Starting 1 threads for group Thread Group.
2017-09-01 10:00:55,915 INFO o.a.j.e.StandardJMeterEngine: Thread will continue on error
2017-09-01 10:00:55,915 INFO o.a.j.t.ThreadGroup: Starting thread group... number=1 threads=1 ramp-up=1 perThread=1000.0 delayedStart=false
2017-09-01 10:00:55,915 INFO o.a.j.t.ThreadGroup: Started thread group number 1
2017-09-01 10:00:55,915 INFO o.a.j.e.StandardJMeterEngine: All thread groups have been started
2017-09-01 10:00:55,915 INFO o.a.j.t.JMeterThread: Thread started: Thread Group 1-1
2017-09-01 10:00:56,062 INFO o.a.j.t.JMeterThread: Thread is done: Thread Group 1-1
2017-09-01 10:00:56,062 INFO o.a.j.t.JMeterThread: Thread finished: Thread Group 1-1
2017-09-01 10:00:56,062 INFO o.a.j.e.StandardJMeterEngine: Notifying test listeners of end of test
2017-09-01 10:00:56,066 INFO o.a.j.g.u.JMeterMenuBar: setRunning(false, *local*)
